# JRE version: OpenJDK Runtime Environment Temurin-21.0.7+6 (21.0.7+6) (build 21.0.7+6-LTS)
# Java VM: OpenJDK 64-Bit Server VM Temurin-21.0.7+6 (21.0.7+6-LTS, mixed mode, sharing, tiered, compressed oops, compressed class ptrs, g1 gc, windows-amd64)
GC Precious Log:
 CardTable entry size: 512
 Card Set container configuration: InlinePtr #cards 5 size 8 Array Of Cards #cards 12 size 40 Howl #buckets 4 coarsen threshold 1843 Howl Bitmap #cards 512 size 80 coarsen threshold 460 Card regions per heap region 1 cards per card region 2048
 CPUs: 4 total, 4 available
 Memory: 8037M
 Large Page Support: Disabled
 NUMA Support: Disabled
 Compressed Oops: Enabled (32-bit)
 Heap Region Size: 1M
 Heap Min Capacity: 8M
 Heap Initial Capacity: 126M
 Heap Max Capacity: 2010M
 Pre-touch: Disabled
 Parallel Workers: 4
 Concurrent Workers: 1
 Concurrent Refinement Workers: 4
 Periodic GC: Disabled
Heap:
 garbage-first heap   total 144384K, used 117502K [0x0000000082600000, 0x0000000100000000)
  region size 1024K, 49 young (50176K), 4 survivors (4096K)
 Metaspace       used 84434K, committed 85504K, reserved 1179648K
  class space    used 10655K, committed 11136K, reserved 1048576K
GC Heap History (20 events):
Event: 140.501 GC heap after
{Heap after GC invocations=62 (full 9):
 garbage-first heap   total 116736K, used 63816K [0x0000000082600000, 0x0000000100000000)
  region size 1024K, 5 young (5120K), 5 survivors (5120K)
 Metaspace       used 82877K, committed 83904K, reserved 1179648K
  class space    used 10590K, committed 11072K, reserved 1048576K
}
Event: 141.483 GC heap before
{Heap before GC invocations=63 (full 9):
 garbage-first heap   total 116736K, used 102728K [0x0000000082600000, 0x0000000100000000)
  region size 1024K, 43 young (44032K), 5 survivors (5120K)
 Metaspace       used 83201K, committed 84224K, reserved 1179648K
  class space    used 10603K, committed 11072K, reserved 1048576K
}
Event: 141.487 GC heap after
{Heap after GC invocations=64 (full 9):
 garbage-first heap   total 116736K, used 65550K [0x0000000082600000, 0x0000000100000000)
  region size 1024K, 4 young (4096K), 4 survivors (4096K)
 Metaspace       used 83201K, committed 84224K, reserved 1179648K
  class space    used 10603K, committed 11072K, reserved 1048576K
}
Event: 142.852 GC heap before
{Heap before GC invocations=64 (full 9):
 garbage-first heap   total 116736K, used 69646K [0x0000000082600000, 0x0000000100000000)
  region size 1024K, 9 young (9216K), 4 survivors (4096K)
 Metaspace       used 83236K, committed 84288K, reserved 1179648K
  class space    used 10603K, committed 11072K, reserved 1048576K
}
Event: 142.931 GC heap after
{Heap after GC invocations=65 (full 10):
 garbage-first heap   total 116736K, used 62592K [0x0000000082600000, 0x0000000100000000)
  region size 1024K, 0 young (0K), 0 survivors (0K)
 Metaspace       used 83233K, committed 84288K, reserved 1179648K
  class space    used 10603K, committed 11072K, reserved 1048576K
}
Event: 143.385 GC heap before
{Heap before GC invocations=65 (full 10):
 garbage-first heap   total 116736K, used 103552K [0x0000000082600000, 0x0000000100000000)
  region size 1024K, 40 young (40960K), 0 survivors (0K)
 Metaspace       used 83292K, committed 84352K, reserved 1179648K
  class space    used 10607K, committed 11072K, reserved 1048576K
}
Event: 143.389 GC heap after
{Heap after GC invocations=66 (full 10):
 garbage-first heap   total 116736K, used 66847K [0x0000000082600000, 0x0000000100000000)
  region size 1024K, 5 young (5120K), 5 survivors (5120K)
 Metaspace       used 83292K, committed 84352K, reserved 1179648K
  class space    used 10607K, committed 11072K, reserved 1048576K
}
Event: 143.964 GC heap before
{Heap before GC invocations=67 (full 10):
 garbage-first heap   total 116736K, used 100639K [0x0000000082600000, 0x0000000100000000)
  region size 1024K, 39 young (39936K), 5 survivors (5120K)
 Metaspace       used 83591K, committed 84608K, reserved 1179648K
  class space    used 10619K, committed 11072K, reserved 1048576K
}
Event: 143.968 GC heap after
{Heap after GC invocations=68 (full 10):
 garbage-first heap   total 116736K, used 70069K [0x0000000082600000, 0x0000000100000000)
  region size 1024K, 4 young (4096K), 4 survivors (4096K)
 Metaspace       used 83591K, committed 84608K, reserved 1179648K
  class space    used 10619K, committed 11072K, reserved 1048576K
}
Event: 149.727 GC heap before
{Heap before GC invocations=68 (full 10):
 garbage-first heap   total 116736K, used 76213K [0x0000000082600000, 0x0000000100000000)
  region size 1024K, 11 young (11264K), 4 survivors (4096K)
 Metaspace       used 83627K, committed 84672K, reserved 1179648K
  class space    used 10620K, committed 11072K, reserved 1048576K
}
Event: 149.818 GC heap after
{Heap after GC invocations=69 (full 11):
 garbage-first heap   total 116736K, used 65980K [0x0000000082600000, 0x0000000100000000)
  region size 1024K, 0 young (0K), 0 survivors (0K)
 Metaspace       used 83623K, committed 84672K, reserved 1179648K
  class space    used 10619K, committed 11072K, reserved 1048576K
}
Event: 150.504 GC heap before
{Heap before GC invocations=69 (full 11):
 garbage-first heap   total 116736K, used 105916K [0x0000000082600000, 0x0000000100000000)
  region size 1024K, 39 young (39936K), 0 survivors (0K)
 Metaspace       used 83686K, committed 84736K, reserved 1179648K
  class space    used 10623K, committed 11072K, reserved 1048576K
}
Event: 150.509 GC heap after
{Heap after GC invocations=70 (full 11):
 garbage-first heap   total 116736K, used 70401K [0x0000000082600000, 0x0000000100000000)
  region size 1024K, 5 young (5120K), 5 survivors (5120K)
 Metaspace       used 83686K, committed 84736K, reserved 1179648K
  class space    used 10623K, committed 11072K, reserved 1048576K
}
Event: 152.159 GC heap before
{Heap before GC invocations=71 (full 11):
 garbage-first heap   total 119808K, used 102145K [0x0000000082600000, 0x0000000100000000)
  region size 1024K, 37 young (37888K), 5 survivors (5120K)
 Metaspace       used 83994K, committed 85056K, reserved 1179648K
  class space    used 10634K, committed 11136K, reserved 1048576K
}
Event: 152.165 GC heap after
{Heap after GC invocations=72 (full 11):
 garbage-first heap   total 119808K, used 73028K [0x0000000082600000, 0x0000000100000000)
  region size 1024K, 4 young (4096K), 4 survivors (4096K)
 Metaspace       used 83994K, committed 85056K, reserved 1179648K
  class space    used 10634K, committed 11136K, reserved 1048576K
}
Event: 160.681 GC heap before
{Heap before GC invocations=72 (full 11):
 garbage-first heap   total 119808K, used 82244K [0x0000000082600000, 0x0000000100000000)
  region size 1024K, 14 young (14336K), 4 survivors (4096K)
 Metaspace       used 84035K, committed 85120K, reserved 1179648K
  class space    used 10636K, committed 11136K, reserved 1048576K
}
Event: 160.784 GC heap after
{Heap after GC invocations=73 (full 12):
 garbage-first heap   total 119808K, used 69374K [0x0000000082600000, 0x0000000100000000)
  region size 1024K, 0 young (0K), 0 survivors (0K)
 Metaspace       used 84032K, committed 85120K, reserved 1179648K
  class space    used 10635K, committed 11136K, reserved 1048576K
}
Event: 164.867 GC heap before
{Heap before GC invocations=73 (full 12):
 garbage-first heap   total 119808K, used 108286K [0x0000000082600000, 0x0000000100000000)
  region size 1024K, 38 young (38912K), 0 survivors (0K)
 Metaspace       used 84095K, committed 85184K, reserved 1179648K
  class space    used 10639K, committed 11136K, reserved 1048576K
}
Event: 164.871 GC heap after
{Heap after GC invocations=74 (full 12):
 garbage-first heap   total 144384K, used 73470K [0x0000000082600000, 0x0000000100000000)
  region size 1024K, 4 young (4096K), 4 survivors (4096K)
 Metaspace       used 84095K, committed 85184K, reserved 1179648K
  class space    used 10639K, committed 11136K, reserved 1048576K
}
Event: 179.047 GC heap before
{Heap before GC invocations=75 (full 12):
 garbage-first heap   total 144384K, used 117502K [0x0000000082600000, 0x0000000100000000)
  region size 1024K, 49 young (50176K), 4 survivors (4096K)
 Metaspace       used 84434K, committed 85504K, reserved 1179648K
  class space    used 10655K, committed 11136K, reserved 1048576K
}

